WARNING:UserManager:Файл с данными пользователей не найден. Создан новый.
INFO:UserManager:Данные пользователей сохранены успешно.
INFO:UserManager:Зарегистрирован новый пользователь: {'ID': 1, 'NumCard': '1111-1111-1111-1111', 'Name': 'Test', 'Surname': 'Testikoff', 'Username': 'Test_1', 'Password': '123', 'Balance': 0}
INFO:UserManager:Данные пользователей сохранены успешно.
INFO:UserManager:Зарегистрирован новый пользователь: {'ID': 2, 'NumCard': '2222-2222-2222-2222', 'Name': 'Test_two', 'Surname': 'Twotestikoff', 'Username': 'Test_2', 'Password': '123', 'Balance': 0}
INFO:UserManager:Пользователь Test_1 вошел в свой аккаунт.
INFO:AtmModel:Попытка пополнения счета для пользователя 1
INFO:UserManager:Данные пользователей сохранены успешно.
INFO:AtmModel:Пользователь 1 пополнил счет на 8888888888800 у.е. Баланс: 8888888888800.00 у.е.
ERROR:AtmModel:Ошибка при снятии средств пользователя 1: Сумма снятия должна быть кратна 50 у.е.
ERROR:root:Ошибка: Сумма снятия должна быть кратна 50 у.е.
ERROR:AtmController:Ошибка при обработке снятия: Сумма снятия должна быть кратна 50 у.е.
INFO:UserManager:Данные пользователей сохранены успешно.
INFO:AtmModel:Пользователь 1 снял 1000 у.е. Баланс: 8888888887770.00 у.е.
INFO:UserManager:Данные пользователей загружены успешно.
INFO:UserManager:Пользователь Test_1 вошел в свой аккаунт.
INFO:AtmModel:Попытка пополнения счета для пользователя 1
INFO:UserManager:Данные пользователей сохранены успешно.
INFO:AtmModel:Пользователь 1 пополнил счет на 1000 у.е. Баланс: 8888888888770.00 у.е.
INFO:UserManager:Данные пользователей сохранены успешно.
INFO:AtmModel:Пользователь 1 снял 1000 у.е. Баланс: 8888888887740.00 у.е.
INFO:UserManager:Данные пользователей сохранены успешно.
INFO:AtmModel:Пользователь 1 снял 1000 у.е. Баланс: 8888888886710.00 у.е.
INFO:UserManager:Данные пользователей сохранены успешно.
INFO:AtmModel:Пользователь 1 снял 1000 у.е. Баланс: 8888888885680.00 у.е.
INFO:UserManager:Данные пользователей сохранены успешно.
INFO:AtmModel:Пользователь 1 снял 1000 у.е. Баланс: 8888888884650.00 у.е.
INFO:UserManager:Данные пользователей загружены успешно.
INFO:UserManager:Пользователь Test_1 вошел в свой аккаунт.
INFO:AtmModel:Попытка пополнения счета для пользователя 1
INFO:UserManager:Данные пользователей сохранены успешно.
INFO:AtmModel:Пользователь 1 пополнил счет на 2350 у.е. Баланс: 8888888887000.00 у.е.
INFO:AtmModel:Начислены проценты: 0.0 у.е. Баланс: 0.0
INFO:UserManager:Данные пользователей сохранены успешно.
INFO:AtmModel:Пользователь 1 снял 5000 у.е. Баланс: 8888888881925.00 у.е.
INFO:AtmModel:Начислены проценты: 0.0 у.е. Баланс: 0.0
INFO:AtmModel:Попытка пополнения счета для пользователя 1
INFO:UserManager:Данные пользователей сохранены успешно.
INFO:AtmModel:Пользователь 1 пополнил счет на 50000 у.е. Баланс: 8888888931925.00 у.е.
INFO:AtmModel:Начислены проценты: 0.0 у.е. Баланс: 0.0
INFO:AtmModel:Попытка пополнения счета для пользователя 1
INFO:UserManager:Данные пользователей сохранены успешно.
INFO:AtmModel:Пользователь 1 пополнил счет на 5000 у.е. Баланс: 8888888936925.00 у.е.
INFO:AtmModel:Начислены проценты: 0.0 у.е. Баланс: 0.0
INFO:UserManager:Данные пользователей сохранены успешно.
INFO:AtmModel:Пользователь 1 снял 5000 у.е. Баланс: 8888888931850.00 у.е.
INFO:AtmModel:Начислены проценты: 0.0 у.е. Баланс: 0.0
INFO:UserManager:Данные пользователей сохранены успешно.
INFO:AtmModel:Пользователь 1 снял 5000 у.е. Баланс: 8888888926775.00 у.е.
INFO:AtmModel:Начислены проценты: 0.0 у.е. Баланс: 0.0
INFO:UserManager:Данные пользователей сохранены успешно.
INFO:AtmModel:Пользователь 1 снял 5000 у.е. Баланс: 8888888921700.00 у.е.
INFO:AtmModel:Начислены проценты: 0.0 у.е. Баланс: 0.0
INFO:UserManager:Данные пользователей сохранены успешно.
INFO:AtmModel:Пользователь 1 снял 5000 у.е. Баланс: 8888888916625.00 у.е.
INFO:AtmModel:Начислены проценты: 0.0 у.е. Баланс: 0.0
INFO:UserManager:Данные пользователей загружены успешно.
INFO:UserManager:Пользователь Test_1 вошел в свой аккаунт.
INFO:AtmModel:Попытка пополнения счета для пользователя 1
INFO:UserManager:Данные пользователей сохранены успешно.
INFO:AtmModel:Пользователь 1 пополнил счет на 5000 у.е. Баланс: 8888888921625.00 у.е.
INFO:AtmModel:Попытка пополнения счета для пользователя 1
INFO:UserManager:Данные пользователей сохранены успешно.
INFO:AtmModel:Пользователь 1 пополнил счет на 5000 у.е. Баланс: 8888888926625.00 у.е.
INFO:AtmModel:Попытка пополнения счета для пользователя 1
INFO:UserManager:Данные пользователей сохранены успешно.
INFO:AtmModel:Пользователь 1 пополнил счет на 5000 у.е. Баланс: 8888888931625.00 у.е.
INFO:AtmModel:Начислены проценты: 0.0 у.е. Баланс: 0.0
INFO:AtmModel:Попытка пополнения счета для пользователя 1
INFO:UserManager:Данные пользователей сохранены успешно.
INFO:AtmModel:Пользователь 1 пополнил счет на 50000 у.е. Баланс: 8888888981625.00 у.е.
INFO:UserManager:Данные пользователей загружены успешно.
INFO:UserManager:Пользователь Test_1 вошел в свой аккаунт.
INFO:AtmModel:Попытка пополнения счета для пользователя 1
INFO:UserManager:Данные пользователей сохранены успешно.
INFO:AtmModel:Пользователь 1 пополнил счет на 500 у.е. Баланс: 8888888982125.00 у.е.
INFO:AtmModel:Попытка пополнения счета для пользователя 1
INFO:UserManager:Данные пользователей сохранены успешно.
INFO:AtmModel:Пользователь 1 пополнил счет на 500 у.е. Баланс: 8888888982625.00 у.е.
INFO:AtmModel:Попытка пополнения счета для пользователя 1
INFO:UserManager:Данные пользователей сохранены успешно.
INFO:AtmModel:Пользователь 1 пополнил счет на 500 у.е. Баланс: 8888888983125.00 у.е.
INFO:UserManager:Данные пользователей сохранены успешно.
INFO:AtmModel:Начислены проценты: 266666669493.75 у.е. Баланс: 0
